<?xml version="1.0" encoding="UTF-8"?>
<testsuite xmlns:xsi="http://www.w3.org/2001/XMLSchema-instance" xsi:noNamespaceSchemaLocation="https://maven.apache.org/surefire/maven-surefire-plugin/xsd/surefire-test-report.xsd" name="com.observeai.platform.realtime.neutrino.client.five9.DirectiveClientTest" time="0.477" tests="6" errors="0" skipped="0" failures="0">
  <properties>
    <property name="java.specification.version" value="17"/>
    <property name="sun.jnu.encoding" value="UTF-8"/>
    <property name="java.class.path" value="/Users/rishabh.amga/.m2/repository/org/apache/maven/surefire/surefire-booter/2.22.0/surefire-booter-2.22.0.jar:/Users/rishabh.amga/.m2/repository/org/apache/maven/surefire/surefire-api/2.22.0/surefire-api-2.22.0.jar:/Users/rishabh.amga/.m2/repository/org/apache/maven/surefire/surefire-logger-api/2.22.0/surefire-logger-api-2.22.0.jar:/Users/rishabh.amga/Repository/neutrino/target/test-classes:/Users/rishabh.amga/Repository/neutrino/target/classes:/Users/rishabh.amga/.m2/repository/org/springframework/boot/spring-boot-starter-websocket/3.1.3/spring-boot-starter-websocket-3.1.3.jar:/Users/rishabh.amga/.m2/repository/org/springframework/spring-messaging/6.0.11/spring-messaging-6.0.11.jar:/Users/rishabh.amga/.m2/repository/org/springframework/spring-beans/6.0.11/spring-beans-6.0.11.jar:/Users/rishabh.amga/.m2/repository/org/springframework/spring-websocket/6.0.11/spring-websocket-6.0.11.jar:/Users/rishabh.amga/.m2/repository/org/springframework/boot/spring-boot-starter-web/3.1.3/spring-boot-starter-web-3.1.3.jar:/Users/rishabh.amga/.m2/repository/org/springframework/boot/spring-boot-starter/3.1.3/spring-boot-starter-3.1.3.jar:/Users/rishabh.amga/.m2/repository/org/springframework/boot/spring-boot/3.1.3/spring-boot-3.1.3.jar:/Users/rishabh.amga/.m2/repository/org/springframework/boot/spring-boot-autoconfigure/3.1.3/spring-boot-autoconfigure-3.1.3.jar:/Users/rishabh.amga/.m2/repository/org/springframework/boot/spring-boot-starter-logging/3.1.3/spring-boot-starter-logging-3.1.3.jar:/Users/rishabh.amga/.m2/repository/ch/qos/logback/logback-classic/1.4.11/logback-classic-1.4.11.jar:/Users/rishabh.amga/.m2/repository/ch/qos/logback/logback-core/1.4.11/logback-core-1.4.11.jar:/Users/rishabh.amga/.m2/repository/org/apache/logging/log4j/log4j-to-slf4j/2.20.0/log4j-to-slf4j-2.20.0.jar:/Users/rishabh.amga/.m2/repository/org/apache/logging/log4j/log4j-api/2.20.0/log4j-api-2.20.0.jar:/Users/rishabh.amga/.m2/repository/org/slf4j/jul-to-slf4j/2.0.7/jul-to-slf4j-2.0.7.jar:/Users/rishabh.amga/.m2/repository/jakarta/annotation/jakarta.annotation-api/2.1.1/jakarta.annotation-api-2.1.1.jar:/Users/rishabh.amga/.m2/repository/org/yaml/snakeyaml/1.33/snakeyaml-1.33.jar:/Users/rishabh.amga/.m2/repository/org/springframework/boot/spring-boot-starter-json/3.1.3/spring-boot-starter-json-3.1.3.jar:/Users/rishabh.amga/.m2/repository/com/fasterxml/jackson/core/jackson-databind/2.15.2/jackson-databind-2.15.2.jar:/Users/rishabh.amga/.m2/repository/com/fasterxml/jackson/core/jackson-core/2.15.2/jackson-core-2.15.2.jar:/Users/rishabh.amga/.m2/repository/com/fasterxml/jackson/datatype/jackson-datatype-jdk8/2.15.2/jackson-datatype-jdk8-2.15.2.jar:/Users/rishabh.amga/.m2/repository/com/fasterxml/jackson/datatype/jackson-datatype-jsr310/2.15.2/jackson-datatype-jsr310-2.15.2.jar:/Users/rishabh.amga/.m2/repository/com/fasterxml/jackson/module/jackson-module-parameter-names/2.15.2/jackson-module-parameter-names-2.15.2.jar:/Users/rishabh.amga/.m2/repository/org/springframework/boot/spring-boot-starter-tomcat/3.1.3/spring-boot-starter-tomcat-3.1.3.jar:/Users/rishabh.amga/.m2/repository/org/apache/tomcat/embed/tomcat-embed-core/10.1.12/tomcat-embed-core-10.1.12.jar:/Users/rishabh.amga/.m2/repository/org/apache/tomcat/embed/tomcat-embed-el/10.1.12/tomcat-embed-el-10.1.12.jar:/Users/rishabh.amga/.m2/repository/org/apache/tomcat/embed/tomcat-embed-websocket/10.1.12/tomcat-embed-websocket-10.1.12.jar:/Users/rishabh.amga/.m2/repository/org/springframework/spring-web/6.0.11/spring-web-6.0.11.jar:/Users/rishabh.amga/.m2/repository/org/springframework/spring-webmvc/6.0.11/spring-webmvc-6.0.11.jar:/Users/rishabh.amga/.m2/repository/org/springframework/spring-aop/6.0.11/spring-aop-6.0.11.jar:/Users/rishabh.amga/.m2/repository/org/springframework/spring-expression/6.0.11/spring-expression-6.0.11.jar:/Users/rishabh.amga/.m2/repository/org/apache/httpcomponents/client5/httpclient5/5.2.1/httpclient5-5.2.1.jar:/Users/rishabh.amga/.m2/repository/org/apache/httpcomponents/core5/httpcore5/5.2.2/httpcore5-5.2.2.jar:/Users/rishabh.amga/.m2/repository/org/apache/httpcomponents/core5/httpcore5-h2/5.2.2/httpcore5-h2-5.2.2.jar:/Users/rishabh.amga/.m2/repository/org/slf4j/slf4j-api/2.0.7/slf4j-api-2.0.7.jar:/Users/rishabh.amga/.m2/repository/org/springframework/cloud/spring-cloud-starter-bootstrap/4.0.4/spring-cloud-starter-bootstrap-4.0.4.jar:/Users/rishabh.amga/.m2/repository/org/springframework/cloud/spring-cloud-starter/4.0.4/spring-cloud-starter-4.0.4.jar:/Users/rishabh.amga/.m2/repository/org/springframework/cloud/spring-cloud-context/4.0.4/spring-cloud-context-4.0.4.jar:/Users/rishabh.amga/.m2/repository/org/springframework/security/spring-security-crypto/6.1.3/spring-security-crypto-6.1.3.jar:/Users/rishabh.amga/.m2/repository/org/springframework/cloud/spring-cloud-commons/4.0.4/spring-cloud-commons-4.0.4.jar:/Users/rishabh.amga/.m2/repository/org/springframework/security/spring-security-rsa/1.0.12.RELEASE/spring-security-rsa-1.0.12.RELEASE.jar:/Users/rishabh.amga/.m2/repository/org/bouncycastle/bcpkix-jdk18on/1.73/bcpkix-jdk18on-1.73.jar:/Users/rishabh.amga/.m2/repository/org/bouncycastle/bcprov-jdk18on/1.73/bcprov-jdk18on-1.73.jar:/Users/rishabh.amga/.m2/repository/org/bouncycastle/bcutil-jdk18on/1.73/bcutil-jdk18on-1.73.jar:/Users/rishabh.amga/.m2/repository/org/springframework/boot/spring-boot-starter-data-redis/3.1.3/spring-boot-starter-data-redis-3.1.3.jar:/Users/rishabh.amga/.m2/repository/org/springframework/data/spring-data-redis/3.1.3/spring-data-redis-3.1.3.jar:/Users/rishabh.amga/.m2/repository/org/springframework/data/spring-data-keyvalue/3.1.3/spring-data-keyvalue-3.1.3.jar:/Users/rishabh.amga/.m2/repository/org/springframework/spring-oxm/6.0.11/spring-oxm-6.0.11.jar:/Users/rishabh.amga/.m2/repository/org/springframework/spring-context-support/6.0.11/spring-context-support-6.0.11.jar:/Users/rishabh.amga/.m2/repository/io/lettuce/lettuce-core/6.2.6.RELEASE/lettuce-core-6.2.6.RELEASE.jar:/Users/rishabh.amga/.m2/repository/io/netty/netty-common/4.1.97.Final/netty-common-4.1.97.Final.jar:/Users/rishabh.amga/.m2/repository/io/netty/netty-handler/4.1.97.Final/netty-handler-4.1.97.Final.jar:/Users/rishabh.amga/.m2/repository/io/netty/netty-resolver/4.1.97.Final/netty-resolver-4.1.97.Final.jar:/Users/rishabh.amga/.m2/repository/io/netty/netty-buffer/4.1.97.Final/netty-buffer-4.1.97.Final.jar:/Users/rishabh.amga/.m2/repository/io/netty/netty-transport-native-unix-common/4.1.97.Final/netty-transport-native-unix-common-4.1.97.Final.jar:/Users/rishabh.amga/.m2/repository/io/netty/netty-codec/4.1.97.Final/netty-codec-4.1.97.Final.jar:/Users/rishabh.amga/.m2/repository/io/netty/netty-transport/4.1.97.Final/netty-transport-4.1.97.Final.jar:/Users/rishabh.amga/.m2/repository/io/projectreactor/reactor-core/3.5.9/reactor-core-3.5.9.jar:/Users/rishabh.amga/.m2/repository/org/reactivestreams/reactive-streams/1.0.4/reactive-streams-1.0.4.jar:/Users/rishabh.amga/.m2/repository/org/springframework/spring-aspects/6.0.11/spring-aspects-6.0.11.jar:/Users/rishabh.amga/.m2/repository/org/aspectj/aspectjweaver/1.9.20/aspectjweaver-1.9.20.jar:/Users/rishabh.amga/.m2/repository/org/springframework/boot/spring-boot-starter-actuator/3.1.3/spring-boot-starter-actuator-3.1.3.jar:/Users/rishabh.amga/.m2/repository/org/springframework/boot/spring-boot-actuator-autoconfigure/3.1.3/spring-boot-actuator-autoconfigure-3.1.3.jar:/Users/rishabh.amga/.m2/repository/org/springframework/boot/spring-boot-actuator/3.1.3/spring-boot-actuator-3.1.3.jar:/Users/rishabh.amga/.m2/repository/io/micrometer/micrometer-observation/1.11.3/micrometer-observation-1.11.3.jar:/Users/rishabh.amga/.m2/repository/io/micrometer/micrometer-commons/1.11.3/micrometer-commons-1.11.3.jar:/Users/rishabh.amga/.m2/repository/io/micrometer/micrometer-core/1.11.3/micrometer-core-1.11.3.jar:/Users/rishabh.amga/.m2/repository/org/hdrhistogram/HdrHistogram/2.1.12/HdrHistogram-2.1.12.jar:/Users/rishabh.amga/.m2/repository/org/latencyutils/LatencyUtils/2.0.3/LatencyUtils-2.0.3.jar:/Users/rishabh.amga/.m2/repository/org/json/json/20240303/json-20240303.jar:/Users/rishabh.amga/.m2/repository/joda-time/joda-time/2.12.7/joda-time-2.12.7.jar:/Users/rishabh.amga/.m2/repository/com/observeai/platform/config/config-client/3.0.0.5/config-client-3.0.0.5.jar:/Users/rishabh.amga/.m2/repository/org/springframework/cloud/spring-cloud-starter-config/4.0.4/spring-cloud-starter-config-4.0.4.jar:/Users/rishabh.amga/.m2/repository/org/springframework/cloud/spring-cloud-config-client/4.0.4/spring-cloud-config-client-4.0.4.jar:/Users/rishabh.amga/.m2/repository/org/springframework/kafka/spring-kafka/3.1.1/spring-kafka-3.1.1.jar:/Users/rishabh.amga/.m2/repository/org/springframework/spring-context/6.0.11/spring-context-6.0.11.jar:/Users/rishabh.amga/.m2/repository/org/springframework/spring-tx/6.0.11/spring-tx-6.0.11.jar:/Users/rishabh.amga/.m2/repository/org/springframework/retry/spring-retry/2.0.2/spring-retry-2.0.2.jar:/Users/rishabh.amga/.m2/repository/org/apache/kafka/kafka-clients/3.4.1/kafka-clients-3.4.1.jar:/Users/rishabh.amga/.m2/repository/com/github/luben/zstd-jni/1.5.2-1/zstd-jni-1.5.2-1.jar:/Users/rishabh.amga/.m2/repository/org/lz4/lz4-java/1.8.0/lz4-java-1.8.0.jar:/Users/rishabh.amga/.m2/repository/org/xerial/snappy/snappy-java/1.1.8.4/snappy-java-1.1.8.4.jar:/Users/rishabh.amga/.m2/repository/com/google/code/findbugs/jsr305/3.0.2/jsr305-3.0.2.jar:/Users/rishabh.amga/.m2/repository/io/confluent/kafka-protobuf-serializer/7.7.0/kafka-protobuf-serializer-7.7.0.jar:/Users/rishabh.amga/.m2/repository/io/confluent/kafka-protobuf-provider/7.7.0/kafka-protobuf-provider-7.7.0.jar:/Users/rishabh.amga/.m2/repository/com/squareup/wire/wire-schema-jvm/4.9.7/wire-schema-jvm-4.9.7.jar:/Users/rishabh.amga/.m2/repository/com/squareup/javapoet/1.13.0/javapoet-1.13.0.jar:/Users/rishabh.amga/.m2/repository/com/squareup/kotlinpoet-jvm/1.16.0/kotlinpoet-jvm-1.16.0.jar:/Users/rishabh.amga/.m2/repository/org/jetbrains/kotlin/kotlin-reflect/1.8.22/kotlin-reflect-1.8.22.jar:/Users/rishabh.amga/.m2/repository/org/jetbrains/kotlin/kotlin-stdlib-jdk8/1.8.22/kotlin-stdlib-jdk8-1.8.22.jar:/Users/rishabh.amga/.m2/repository/org/jetbrains/kotlin/kotlin-stdlib-jdk7/1.8.22/kotlin-stdlib-jdk7-1.8.22.jar:/Users/rishabh.amga/.m2/repository/org/jetbrains/kotlin/kotlin-stdlib-common/1.8.22/kotlin-stdlib-common-1.8.22.jar:/Users/rishabh.amga/.m2/repository/com/squareup/wire/wire-runtime-jvm/4.9.7/wire-runtime-jvm-4.9.7.jar:/Users/rishabh.amga/.m2/repository/com/squareup/okio/okio-jvm/3.4.0/okio-jvm-3.4.0.jar:/Users/rishabh.amga/.m2/repository/org/jetbrains/kotlin/kotlin-stdlib/1.8.22/kotlin-stdlib-1.8.22.jar:/Users/rishabh.amga/.m2/repository/org/jetbrains/annotations/13.0/annotations-13.0.jar:/Users/rishabh.amga/.m2/repository/com/google/protobuf/protobuf-java/3.24.4/protobuf-java-3.24.4.jar:/Users/rishabh.amga/.m2/repository/com/google/api/grpc/proto-google-common-protos/2.22.1/proto-google-common-protos-2.22.1.jar:/Users/rishabh.amga/.m2/repository/io/confluent/kafka-protobuf-types/7.7.0/kafka-protobuf-types-7.7.0.jar:/Users/rishabh.amga/.m2/repository/com/google/protobuf/protobuf-java-util/3.24.4/protobuf-java-util-3.24.4.jar:/Users/rishabh.amga/.m2/repository/com/google/code/gson/gson/2.10.1/gson-2.10.1.jar:/Users/rishabh.amga/.m2/repository/com/google/errorprone/error_prone_annotations/2.18.0/error_prone_annotations-2.18.0.jar:/Users/rishabh.amga/.m2/repository/com/google/guava/guava/32.0.1-jre/guava-32.0.1-jre.jar:/Users/rishabh.amga/.m2/repository/com/google/guava/failureaccess/1.0.1/failureaccess-1.0.1.jar:/Users/rishabh.amga/.m2/repository/com/google/guava/listenablefuture/9999.0-empty-to-avoid-conflict-with-guava/listenablefuture-9999.0-empty-to-avoid-conflict-with-guava.jar:/Users/rishabh.amga/.m2/repository/org/checkerframework/checker-qual/3.33.0/checker-qual-3.33.0.jar:/Users/rishabh.amga/.m2/repository/com/google/j2objc/j2objc-annotations/2.8/j2objc-annotations-2.8.jar:/Users/rishabh.amga/.m2/repository/io/confluent/kafka-schema-serializer/7.7.0/kafka-schema-serializer-7.7.0.jar:/Users/rishabh.amga/.m2/repository/com/fasterxml/jackson/dataformat/jackson-dataformat-csv/2.15.2/jackson-dataformat-csv-2.15.2.jar:/Users/rishabh.amga/.m2/repository/io/confluent/kafka-schema-registry-client/7.7.0/kafka-schema-registry-client-7.7.0.jar:/Users/rishabh.amga/.m2/repository/org/apache/avro/avro/1.11.3/avro-1.11.3.jar:/Users/rishabh.amga/.m2/repository/org/apache/commons/commons-compress/1.26.1/commons-compress-1.26.1.jar:/Users/rishabh.amga/.m2/repository/commons-codec/commons-codec/1.15/commons-codec-1.15.jar:/Users/rishabh.amga/.m2/repository/io/swagger/core/v3/swagger-annotations/2.1.10/swagger-annotations-2.1.10.jar:/Users/rishabh.amga/.m2/repository/io/confluent/common-utils/7.7.0/common-utils-7.7.0.jar:/Users/rishabh.amga/.m2/repository/com/newrelic/agent/java/newrelic-api/8.0.1/newrelic-api-8.0.1.jar:/Users/rishabh.amga/.m2/repository/net/javacrumbs/shedlock/shedlock-spring/5.11.0/shedlock-spring-5.11.0.jar:/Users/rishabh.amga/.m2/repository/net/javacrumbs/shedlock/shedlock-core/5.11.0/shedlock-core-5.11.0.jar:/Users/rishabh.amga/.m2/repository/net/javacrumbs/shedlock/shedlock-provider-mongo/5.11.0/shedlock-provider-mongo-5.11.0.jar:/Users/rishabh.amga/.m2/repository/org/mongodb/mongodb-driver-sync/4.9.1/mongodb-driver-sync-4.9.1.jar:/Users/rishabh.amga/.m2/repository/org/mongodb/bson/4.9.1/bson-4.9.1.jar:/Users/rishabh.amga/.m2/repository/org/mongodb/mongodb-driver-core/4.9.1/mongodb-driver-core-4.9.1.jar:/Users/rishabh.amga/.m2/repository/org/mongodb/bson-record-codec/4.9.1/bson-record-codec-4.9.1.jar:/Users/rishabh.amga/.m2/repository/org/projectlombok/lombok/1.18.28/lombok-1.18.28.jar:/Users/rishabh.amga/.m2/repository/org/springframework/boot/spring-boot-starter-test/3.1.3/spring-boot-starter-test-3.1.3.jar:/Users/rishabh.amga/.m2/repository/org/springframework/boot/spring-boot-test/3.1.3/spring-boot-test-3.1.3.jar:/Users/rishabh.amga/.m2/repository/org/springframework/boot/spring-boot-test-autoconfigure/3.1.3/spring-boot-test-autoconfigure-3.1.3.jar:/Users/rishabh.amga/.m2/repository/com/jayway/jsonpath/json-path/2.8.0/json-path-2.8.0.jar:/Users/rishabh.amga/.m2/repository/jakarta/xml/bind/jakarta.xml.bind-api/4.0.0/jakarta.xml.bind-api-4.0.0.jar:/Users/rishabh.amga/.m2/repository/jakarta/activation/jakarta.activation-api/2.1.2/jakarta.activation-api-2.1.2.jar:/Users/rishabh.amga/.m2/repository/net/minidev/json-smart/2.4.11/json-smart-2.4.11.jar:/Users/rishabh.amga/.m2/repository/net/minidev/accessors-smart/2.4.11/accessors-smart-2.4.11.jar:/Users/rishabh.amga/.m2/repository/org/ow2/asm/asm/9.3/asm-9.3.jar:/Users/rishabh.amga/.m2/repository/org/assertj/assertj-core/3.24.2/assertj-core-3.24.2.jar:/Users/rishabh.amga/.m2/repository/net/bytebuddy/byte-buddy/1.14.6/byte-buddy-1.14.6.jar:/Users/rishabh.amga/.m2/repository/org/hamcrest/hamcrest/2.2/hamcrest-2.2.jar:/Users/rishabh.amga/.m2/repository/org/junit/jupiter/junit-jupiter/5.9.3/junit-jupiter-5.9.3.jar:/Users/rishabh.amga/.m2/repository/org/junit/jupiter/junit-jupiter-api/5.9.3/junit-jupiter-api-5.9.3.jar:/Users/rishabh.amga/.m2/repository/org/opentest4j/opentest4j/1.2.0/opentest4j-1.2.0.jar:/Users/rishabh.amga/.m2/repository/org/junit/platform/junit-platform-commons/1.9.3/junit-platform-commons-1.9.3.jar:/Users/rishabh.amga/.m2/repository/org/apiguardian/apiguardian-api/1.1.2/apiguardian-api-1.1.2.jar:/Users/rishabh.amga/.m2/repository/org/junit/jupiter/junit-jupiter-params/5.9.3/junit-jupiter-params-5.9.3.jar:/Users/rishabh.amga/.m2/repository/org/junit/jupiter/junit-jupiter-engine/5.9.3/junit-jupiter-engine-5.9.3.jar:/Users/rishabh.amga/.m2/repository/org/junit/platform/junit-platform-engine/1.9.3/junit-platform-engine-1.9.3.jar:/Users/rishabh.amga/.m2/repository/org/mockito/mockito-core/5.3.1/mockito-core-5.3.1.jar:/Users/rishabh.amga/.m2/repository/net/bytebuddy/byte-buddy-agent/1.14.6/byte-buddy-agent-1.14.6.jar:/Users/rishabh.amga/.m2/repository/org/objenesis/objenesis/3.3/objenesis-3.3.jar:/Users/rishabh.amga/.m2/repository/org/mockito/mockito-junit-jupiter/5.3.1/mockito-junit-jupiter-5.3.1.jar:/Users/rishabh.amga/.m2/repository/org/skyscreamer/jsonassert/1.5.1/jsonassert-1.5.1.jar:/Users/rishabh.amga/.m2/repository/org/springframework/spring-core/6.0.11/spring-core-6.0.11.jar:/Users/rishabh.amga/.m2/repository/org/springframework/spring-jcl/6.0.11/spring-jcl-6.0.11.jar:/Users/rishabh.amga/.m2/repository/org/springframework/spring-test/6.0.11/spring-test-6.0.11.jar:/Users/rishabh.amga/.m2/repository/org/xmlunit/xmlunit-core/2.9.1/xmlunit-core-2.9.1.jar:/Users/rishabh.amga/.m2/repository/com/github/ulisesbocchio/jasypt-spring-boot-starter/3.0.5/jasypt-spring-boot-starter-3.0.5.jar:/Users/rishabh.amga/.m2/repository/com/github/ulisesbocchio/jasypt-spring-boot/3.0.5/jasypt-spring-boot-3.0.5.jar:/Users/rishabh.amga/.m2/repository/org/jasypt/jasypt/1.9.3/jasypt-1.9.3.jar:/Users/rishabh.amga/.m2/repository/junit/junit/4.13.2/junit-4.13.2.jar:/Users/rishabh.amga/.m2/repository/org/hamcrest/hamcrest-core/2.2/hamcrest-core-2.2.jar:/Users/rishabh.amga/.m2/repository/org/modelmapper/modelmapper/3.2.0/modelmapper-3.2.0.jar:/Users/rishabh.amga/.m2/repository/com/observeai/platform/auth/authz-client/3.0.0.4/authz-client-3.0.0.4.jar:/Users/rishabh.amga/.m2/repository/org/springframework/boot/spring-boot-starter-aop/3.1.3/spring-boot-starter-aop-3.1.3.jar:/Users/rishabh.amga/.m2/repository/org/apache/commons/commons-lang3/3.12.0/commons-lang3-3.12.0.jar:/Users/rishabh.amga/.m2/repository/org/apache/commons/commons-collections4/4.4/commons-collections4-4.4.jar:/Users/rishabh.amga/.m2/repository/com/observeai/platform/realtime/threadpool-utils/3.0.0.10/threadpool-utils-3.0.0.10.jar:/Users/rishabh.amga/.m2/repository/com/observeai/platform/integration/services/chitragupta-client/3.0.0.138/chitragupta-client-3.0.0.138.jar:/Users/rishabh.amga/.m2/repository/com/observeai/platform/integration/commons/obs-common/3.0.0.90/obs-common-3.0.0.90.jar:/Users/rishabh.amga/.m2/repository/software/amazon/awssdk/sns/2.20.138/sns-2.20.138.jar:/Users/rishabh.amga/.m2/repository/software/amazon/awssdk/aws-query-protocol/2.20.138/aws-query-protocol-2.20.138.jar:/Users/rishabh.amga/.m2/repository/software/amazon/awssdk/protocol-core/2.20.138/protocol-core-2.20.138.jar:/Users/rishabh.amga/.m2/repository/software/amazon/awssdk/sdk-core/2.20.138/sdk-core-2.20.138.jar:/Users/rishabh.amga/.m2/repository/software/amazon/awssdk/profiles/2.20.138/profiles-2.20.138.jar:/Users/rishabh.amga/.m2/repository/software/amazon/awssdk/auth/2.20.138/auth-2.20.138.jar:/Users/rishabh.amga/.m2/repository/software/amazon/eventstream/eventstream/1.0.1/eventstream-1.0.1.jar:/Users/rishabh.amga/.m2/repository/software/amazon/awssdk/http-client-spi/2.20.138/http-client-spi-2.20.138.jar:/Users/rishabh.amga/.m2/repository/software/amazon/awssdk/regions/2.20.138/regions-2.20.138.jar:/Users/rishabh.amga/.m2/repository/software/amazon/awssdk/annotations/2.20.138/annotations-2.20.138.jar:/Users/rishabh.amga/.m2/repository/software/amazon/awssdk/utils/2.20.138/utils-2.20.138.jar:/Users/rishabh.amga/.m2/repository/software/amazon/awssdk/aws-core/2.20.138/aws-core-2.20.138.jar:/Users/rishabh.amga/.m2/repository/software/amazon/awssdk/metrics-spi/2.20.138/metrics-spi-2.20.138.jar:/Users/rishabh.amga/.m2/repository/software/amazon/awssdk/json-utils/2.20.138/json-utils-2.20.138.jar:/Users/rishabh.amga/.m2/repository/software/amazon/awssdk/third-party-jackson-core/2.20.138/third-party-jackson-core-2.20.138.jar:/Users/rishabh.amga/.m2/repository/software/amazon/awssdk/endpoints-spi/2.20.138/endpoints-spi-2.20.138.jar:/Users/rishabh.amga/.m2/repository/software/amazon/awssdk/apache-client/2.20.138/apache-client-2.20.138.jar:/Users/rishabh.amga/.m2/repository/org/apache/httpcomponents/httpclient/4.5.13/httpclient-4.5.13.jar:/Users/rishabh.amga/.m2/repository/org/apache/httpcomponents/httpcore/4.4.16/httpcore-4.4.16.jar:/Users/rishabh.amga/.m2/repository/software/amazon/awssdk/netty-nio-client/2.20.138/netty-nio-client-2.20.138.jar:/Users/rishabh.amga/.m2/repository/io/netty/netty-codec-http/4.1.97.Final/netty-codec-http-4.1.97.Final.jar:/Users/rishabh.amga/.m2/repository/io/netty/netty-codec-http2/4.1.97.Final/netty-codec-http2-4.1.97.Final.jar:/Users/rishabh.amga/.m2/repository/io/netty/netty-transport-classes-epoll/4.1.97.Final/netty-transport-classes-epoll-4.1.97.Final.jar:/Users/rishabh.amga/.m2/repository/commons-io/commons-io/2.13.0/commons-io-2.13.0.jar:/Users/rishabh.amga/.m2/repository/jakarta/jms/jakarta.jms-api/3.1.0/jakarta.jms-api-3.1.0.jar:/Users/rishabh.amga/.m2/repository/com/amazonaws/aws-java-sdk-s3/1.12.540/aws-java-sdk-s3-1.12.540.jar:/Users/rishabh.amga/.m2/repository/com/amazonaws/aws-java-sdk-kms/1.12.540/aws-java-sdk-kms-1.12.540.jar:/Users/rishabh.amga/.m2/repository/com/amazonaws/aws-java-sdk-core/1.12.540/aws-java-sdk-core-1.12.540.jar:/Users/rishabh.amga/.m2/repository/software/amazon/ion/ion-java/1.0.2/ion-java-1.0.2.jar:/Users/rishabh.amga/.m2/repository/com/fasterxml/jackson/dataformat/jackson-dataformat-cbor/2.15.2/jackson-dataformat-cbor-2.15.2.jar:/Users/rishabh.amga/.m2/repository/com/amazonaws/jmespath-java/1.12.540/jmespath-java-1.12.540.jar:/Users/rishabh.amga/.m2/repository/com/nimbusds/nimbus-jose-jwt/9.31/nimbus-jose-jwt-9.31.jar:/Users/rishabh.amga/.m2/repository/com/github/stephenc/jcip/jcip-annotations/1.0-1/jcip-annotations-1.0-1.jar:/Users/rishabh.amga/.m2/repository/software/amazon/awssdk/sqs/2.20.150/sqs-2.20.150.jar:/Users/rishabh.amga/.m2/repository/org/springframework/spring-jms/6.0.11/spring-jms-6.0.11.jar:/Users/rishabh.amga/.m2/repository/org/springframework/data/spring-data-commons/3.1.3/spring-data-commons-3.1.3.jar:/Users/rishabh.amga/.m2/repository/org/redisson/redisson-spring-data-25/3.16.4/redisson-spring-data-25-3.16.4.jar:/Users/rishabh.amga/.m2/repository/org/redisson/redisson/3.16.4/redisson-3.16.4.jar:/Users/rishabh.amga/.m2/repository/io/netty/netty-resolver-dns/4.1.97.Final/netty-resolver-dns-4.1.97.Final.jar:/Users/rishabh.amga/.m2/repository/io/netty/netty-codec-dns/4.1.97.Final/netty-codec-dns-4.1.97.Final.jar:/Users/rishabh.amga/.m2/repository/io/reactivex/rxjava3/rxjava/3.1.7/rxjava-3.1.7.jar:/Users/rishabh.amga/.m2/repository/org/jboss/marshalling/jboss-marshalling/2.0.11.Final/jboss-marshalling-2.0.11.Final.jar:/Users/rishabh.amga/.m2/repository/org/jboss/marshalling/jboss-marshalling-river/2.0.11.Final/jboss-marshalling-river-2.0.11.Final.jar:/Users/rishabh.amga/.m2/repository/com/fasterxml/jackson/dataformat/jackson-dataformat-yaml/2.15.2/jackson-dataformat-yaml-2.15.2.jar:/Users/rishabh.amga/.m2/repository/org/jodd/jodd-bean/5.1.6/jodd-bean-5.1.6.jar:/Users/rishabh.amga/.m2/repository/org/jodd/jodd-core/5.1.6/jodd-core-5.1.6.jar:/Users/rishabh.amga/.m2/repository/io/temporal/temporal-sdk/1.19.0/temporal-sdk-1.19.0.jar:/Users/rishabh.amga/.m2/repository/io/temporal/temporal-serviceclient/1.19.0/temporal-serviceclient-1.19.0.jar:/Users/rishabh.amga/.m2/repository/io/grpc/grpc-api/1.53.0/grpc-api-1.53.0.jar:/Users/rishabh.amga/.m2/repository/io/grpc/grpc-context/1.53.0/grpc-context-1.53.0.jar:/Users/rishabh.amga/.m2/repository/io/grpc/grpc-stub/1.53.0/grpc-stub-1.53.0.jar:/Users/rishabh.amga/.m2/repository/io/grpc/grpc-netty-shaded/1.53.0/grpc-netty-shaded-1.53.0.jar:/Users/rishabh.amga/.m2/repository/io/perfmark/perfmark-api/0.25.0/perfmark-api-0.25.0.jar:/Users/rishabh.amga/.m2/repository/io/grpc/grpc-core/1.53.0/grpc-core-1.53.0.jar:/Users/rishabh.amga/.m2/repository/com/google/android/annotations/4.1.1.4/annotations-4.1.1.4.jar:/Users/rishabh.amga/.m2/repository/org/codehaus/mojo/animal-sniffer-annotations/1.21/animal-sniffer-annotations-1.21.jar:/Users/rishabh.amga/.m2/repository/io/grpc/grpc-services/1.53.0/grpc-services-1.53.0.jar:/Users/rishabh.amga/.m2/repository/io/grpc/grpc-protobuf/1.53.0/grpc-protobuf-1.53.0.jar:/Users/rishabh.amga/.m2/repository/io/grpc/grpc-protobuf-lite/1.53.0/grpc-protobuf-lite-1.53.0.jar:/Users/rishabh.amga/.m2/repository/com/uber/m3/tally-core/0.13.0/tally-core-0.13.0.jar:/Users/rishabh.amga/.m2/repository/io/temporal/temporal-testing/1.19.0/temporal-testing-1.19.0.jar:/Users/rishabh.amga/.m2/repository/io/temporal/temporal-test-server/1.19.0/temporal-test-server-1.19.0.jar:/Users/rishabh.amga/.m2/repository/com/cronutils/cron-utils/9.2.0/cron-utils-9.2.0.jar:/Users/rishabh.amga/.m2/repository/org/glassfish/jakarta.el/3.0.4/jakarta.el-3.0.4.jar:/Users/rishabh.amga/.m2/repository/io/micrometer/micrometer-registry-prometheus/1.11.3/micrometer-registry-prometheus-1.11.3.jar:/Users/rishabh.amga/.m2/repository/io/prometheus/simpleclient_common/0.16.0/simpleclient_common-0.16.0.jar:/Users/rishabh.amga/.m2/repository/io/prometheus/simpleclient/0.16.0/simpleclient-0.16.0.jar:/Users/rishabh.amga/.m2/repository/io/prometheus/simpleclient_tracer_otel/0.16.0/simpleclient_tracer_otel-0.16.0.jar:/Users/rishabh.amga/.m2/repository/io/prometheus/simpleclient_tracer_common/0.16.0/simpleclient_tracer_common-0.16.0.jar:/Users/rishabh.amga/.m2/repository/io/prometheus/simpleclient_tracer_otel_agent/0.16.0/simpleclient_tracer_otel_agent-0.16.0.jar:/Users/rishabh.amga/.m2/repository/software/amazon/sns/sns-extended-client/2.0.0/sns-extended-client-2.0.0.jar:/Users/rishabh.amga/.m2/repository/software/amazon/payloadoffloading/payloadoffloading-common/2.1.2/payloadoffloading-common-2.1.2.jar:/Users/rishabh.amga/.m2/repository/software/amazon/awssdk/s3/2.14.19/s3-2.14.19.jar:/Users/rishabh.amga/.m2/repository/software/amazon/awssdk/aws-xml-protocol/2.14.19/aws-xml-protocol-2.14.19.jar:/Users/rishabh.amga/.m2/repository/software/amazon/awssdk/arns/2.14.19/arns-2.14.19.jar:/Users/rishabh.amga/.m2/repository/com/amazonaws/amazon-sqs-java-extended-client-lib/2.0.0/amazon-sqs-java-extended-client-lib-2.0.0.jar:/Users/rishabh.amga/.m2/repository/commons-logging/commons-logging/1.2/commons-logging-1.2.jar:/Users/rishabh.amga/.m2/repository/org/ehcache/ehcache/3.10.8/ehcache-3.10.8.jar:/Users/rishabh.amga/.m2/repository/javax/cache/cache-api/1.1.1/cache-api-1.1.1.jar:/Users/rishabh.amga/.m2/repository/org/glassfish/jaxb/jaxb-runtime/4.0.3/jaxb-runtime-4.0.3.jar:/Users/rishabh.amga/.m2/repository/org/glassfish/jaxb/jaxb-core/4.0.3/jaxb-core-4.0.3.jar:/Users/rishabh.amga/.m2/repository/org/eclipse/angus/angus-activation/2.0.1/angus-activation-2.0.1.jar:/Users/rishabh.amga/.m2/repository/org/glassfish/jaxb/txw2/4.0.3/txw2-4.0.3.jar:/Users/rishabh.amga/.m2/repository/com/sun/istack/istack-commons-runtime/4.1.2/istack-commons-runtime-4.1.2.jar:/Users/rishabh.amga/.m2/repository/com/fasterxml/jackson/core/jackson-annotations/2.15.2/jackson-annotations-2.15.2.jar:/Users/rishabh.amga/.m2/repository/jakarta/validation/jakarta.validation-api/3.0.2/jakarta.validation-api-3.0.2.jar:/Users/rishabh.amga/.m2/repository/org/springframework/boot/spring-boot-starter-data-mongodb/3.1.3/spring-boot-starter-data-mongodb-3.1.3.jar:/Users/rishabh.amga/.m2/repository/org/springframework/data/spring-data-mongodb/4.1.3/spring-data-mongodb-4.1.3.jar:/Users/rishabh.amga/.m2/repository/org/apache/maven/surefire/surefire-junit-platform/2.22.0/surefire-junit-platform-2.22.0.jar:/Users/rishabh.amga/.m2/repository/org/junit/platform/junit-platform-launcher/1.2.0/junit-platform-launcher-1.2.0.jar:/Users/rishabh.amga/.m2/repository/org/apiguardian/apiguardian-api/1.0.0/apiguardian-api-1.0.0.jar:/Users/rishabh.amga/.m2/repository/org/junit/platform/junit-platform-engine/1.2.0/junit-platform-engine-1.2.0.jar:/Users/rishabh.amga/.m2/repository/org/junit/platform/junit-platform-commons/1.2.0/junit-platform-commons-1.2.0.jar:/Users/rishabh.amga/.m2/repository/org/opentest4j/opentest4j/1.1.0/opentest4j-1.1.0.jar"/>
    <property name="java.vm.vendor" value="Oracle Corporation"/>
    <property name="sun.arch.data.model" value="64"/>
    <property name="java.vendor.url" value="https://java.oracle.com/"/>
    <property name="os.name" value="Mac OS X"/>
    <property name="java.vm.specification.version" value="17"/>
    <property name="sun.java.launcher" value="SUN_STANDARD"/>
    <property name="user.country" value="IN"/>
    <property name="sun.boot.library.path" value="/Library/Java/JavaVirtualMachines/jdk-17.jdk/Contents/Home/lib"/>
    <property name="sun.java.command" value="org.apache.maven.surefire.booter.ForkedBooter /Users/rishabh.amga/Repository/neutrino/target/surefire 2025-04-07T00-27-24_666-jvmRun1 surefire8273161934982548324tmp surefire_016875625660510837953tmp"/>
    <property name="jdk.debug" value="release"/>
    <property name="surefire.test.class.path" value="/Users/rishabh.amga/Repository/neutrino/target/test-classes:/Users/rishabh.amga/Repository/neutrino/target/classes:/Users/rishabh.amga/.m2/repository/org/springframework/boot/spring-boot-starter-websocket/3.1.3/spring-boot-starter-websocket-3.1.3.jar:/Users/rishabh.amga/.m2/repository/org/springframework/spring-messaging/6.0.11/spring-messaging-6.0.11.jar:/Users/rishabh.amga/.m2/repository/org/springframework/spring-beans/6.0.11/spring-beans-6.0.11.jar:/Users/rishabh.amga/.m2/repository/org/springframework/spring-websocket/6.0.11/spring-websocket-6.0.11.jar:/Users/rishabh.amga/.m2/repository/org/springframework/boot/spring-boot-starter-web/3.1.3/spring-boot-starter-web-3.1.3.jar:/Users/rishabh.amga/.m2/repository/org/springframework/boot/spring-boot-starter/3.1.3/spring-boot-starter-3.1.3.jar:/Users/rishabh.amga/.m2/repository/org/springframework/boot/spring-boot/3.1.3/spring-boot-3.1.3.jar:/Users/rishabh.amga/.m2/repository/org/springframework/boot/spring-boot-autoconfigure/3.1.3/spring-boot-autoconfigure-3.1.3.jar:/Users/rishabh.amga/.m2/repository/org/springframework/boot/spring-boot-starter-logging/3.1.3/spring-boot-starter-logging-3.1.3.jar:/Users/rishabh.amga/.m2/repository/ch/qos/logback/logback-classic/1.4.11/logback-classic-1.4.11.jar:/Users/rishabh.amga/.m2/repository/ch/qos/logback/logback-core/1.4.11/logback-core-1.4.11.jar:/Users/rishabh.amga/.m2/repository/org/apache/logging/log4j/log4j-to-slf4j/2.20.0/log4j-to-slf4j-2.20.0.jar:/Users/rishabh.amga/.m2/repository/org/apache/logging/log4j/log4j-api/2.20.0/log4j-api-2.20.0.jar:/Users/rishabh.amga/.m2/repository/org/slf4j/jul-to-slf4j/2.0.7/jul-to-slf4j-2.0.7.jar:/Users/rishabh.amga/.m2/repository/jakarta/annotation/jakarta.annotation-api/2.1.1/jakarta.annotation-api-2.1.1.jar:/Users/rishabh.amga/.m2/repository/org/yaml/snakeyaml/1.33/snakeyaml-1.33.jar:/Users/rishabh.amga/.m2/repository/org/springframework/boot/spring-boot-starter-json/3.1.3/spring-boot-starter-json-3.1.3.jar:/Users/rishabh.amga/.m2/repository/com/fasterxml/jackson/core/jackson-databind/2.15.2/jackson-databind-2.15.2.jar:/Users/rishabh.amga/.m2/repository/com/fasterxml/jackson/core/jackson-core/2.15.2/jackson-core-2.15.2.jar:/Users/rishabh.amga/.m2/repository/com/fasterxml/jackson/datatype/jackson-datatype-jdk8/2.15.2/jackson-datatype-jdk8-2.15.2.jar:/Users/rishabh.amga/.m2/repository/com/fasterxml/jackson/datatype/jackson-datatype-jsr310/2.15.2/jackson-datatype-jsr310-2.15.2.jar:/Users/rishabh.amga/.m2/repository/com/fasterxml/jackson/module/jackson-module-parameter-names/2.15.2/jackson-module-parameter-names-2.15.2.jar:/Users/rishabh.amga/.m2/repository/org/springframework/boot/spring-boot-starter-tomcat/3.1.3/spring-boot-starter-tomcat-3.1.3.jar:/Users/rishabh.amga/.m2/repository/org/apache/tomcat/embed/tomcat-embed-core/10.1.12/tomcat-embed-core-10.1.12.jar:/Users/rishabh.amga/.m2/repository/org/apache/tomcat/embed/tomcat-embed-el/10.1.12/tomcat-embed-el-10.1.12.jar:/Users/rishabh.amga/.m2/repository/org/apache/tomcat/embed/tomcat-embed-websocket/10.1.12/tomcat-embed-websocket-10.1.12.jar:/Users/rishabh.amga/.m2/repository/org/springframework/spring-web/6.0.11/spring-web-6.0.11.jar:/Users/rishabh.amga/.m2/repository/org/springframework/spring-webmvc/6.0.11/spring-webmvc-6.0.11.jar:/Users/rishabh.amga/.m2/repository/org/springframework/spring-aop/6.0.11/spring-aop-6.0.11.jar:/Users/rishabh.amga/.m2/repository/org/springframework/spring-expression/6.0.11/spring-expression-6.0.11.jar:/Users/rishabh.amga/.m2/repository/org/apache/httpcomponents/client5/httpclient5/5.2.1/httpclient5-5.2.1.jar:/Users/rishabh.amga/.m2/repository/org/apache/httpcomponents/core5/httpcore5/5.2.2/httpcore5-5.2.2.jar:/Users/rishabh.amga/.m2/repository/org/apache/httpcomponents/core5/httpcore5-h2/5.2.2/httpcore5-h2-5.2.2.jar:/Users/rishabh.amga/.m2/repository/org/slf4j/slf4j-api/2.0.7/slf4j-api-2.0.7.jar:/Users/rishabh.amga/.m2/repository/org/springframework/cloud/spring-cloud-starter-bootstrap/4.0.4/spring-cloud-starter-bootstrap-4.0.4.jar:/Users/rishabh.amga/.m2/repository/org/springframework/cloud/spring-cloud-starter/4.0.4/spring-cloud-starter-4.0.4.jar:/Users/rishabh.amga/.m2/repository/org/springframework/cloud/spring-cloud-context/4.0.4/spring-cloud-context-4.0.4.jar:/Users/rishabh.amga/.m2/repository/org/springframework/security/spring-security-crypto/6.1.3/spring-security-crypto-6.1.3.jar:/Users/rishabh.amga/.m2/repository/org/springframework/cloud/spring-cloud-commons/4.0.4/spring-cloud-commons-4.0.4.jar:/Users/rishabh.amga/.m2/repository/org/springframework/security/spring-security-rsa/1.0.12.RELEASE/spring-security-rsa-1.0.12.RELEASE.jar:/Users/rishabh.amga/.m2/repository/org/bouncycastle/bcpkix-jdk18on/1.73/bcpkix-jdk18on-1.73.jar:/Users/rishabh.amga/.m2/repository/org/bouncycastle/bcprov-jdk18on/1.73/bcprov-jdk18on-1.73.jar:/Users/rishabh.amga/.m2/repository/org/bouncycastle/bcutil-jdk18on/1.73/bcutil-jdk18on-1.73.jar:/Users/rishabh.amga/.m2/repository/org/springframework/boot/spring-boot-starter-data-redis/3.1.3/spring-boot-starter-data-redis-3.1.3.jar:/Users/rishabh.amga/.m2/repository/org/springframework/data/spring-data-redis/3.1.3/spring-data-redis-3.1.3.jar:/Users/rishabh.amga/.m2/repository/org/springframework/data/spring-data-keyvalue/3.1.3/spring-data-keyvalue-3.1.3.jar:/Users/rishabh.amga/.m2/repository/org/springframework/spring-oxm/6.0.11/spring-oxm-6.0.11.jar:/Users/rishabh.amga/.m2/repository/org/springframework/spring-context-support/6.0.11/spring-context-support-6.0.11.jar:/Users/rishabh.amga/.m2/repository/io/lettuce/lettuce-core/6.2.6.RELEASE/lettuce-core-6.2.6.RELEASE.jar:/Users/rishabh.amga/.m2/repository/io/netty/netty-common/4.1.97.Final/netty-common-4.1.97.Final.jar:/Users/rishabh.amga/.m2/repository/io/netty/netty-handler/4.1.97.Final/netty-handler-4.1.97.Final.jar:/Users/rishabh.amga/.m2/repository/io/netty/netty-resolver/4.1.97.Final/netty-resolver-4.1.97.Final.jar:/Users/rishabh.amga/.m2/repository/io/netty/netty-buffer/4.1.97.Final/netty-buffer-4.1.97.Final.jar:/Users/rishabh.amga/.m2/repository/io/netty/netty-transport-native-unix-common/4.1.97.Final/netty-transport-native-unix-common-4.1.97.Final.jar:/Users/rishabh.amga/.m2/repository/io/netty/netty-codec/4.1.97.Final/netty-codec-4.1.97.Final.jar:/Users/rishabh.amga/.m2/repository/io/netty/netty-transport/4.1.97.Final/netty-transport-4.1.97.Final.jar:/Users/rishabh.amga/.m2/repository/io/projectreactor/reactor-core/3.5.9/reactor-core-3.5.9.jar:/Users/rishabh.amga/.m2/repository/org/reactivestreams/reactive-streams/1.0.4/reactive-streams-1.0.4.jar:/Users/rishabh.amga/.m2/repository/org/springframework/spring-aspects/6.0.11/spring-aspects-6.0.11.jar:/Users/rishabh.amga/.m2/repository/org/aspectj/aspectjweaver/1.9.20/aspectjweaver-1.9.20.jar:/Users/rishabh.amga/.m2/repository/org/springframework/boot/spring-boot-starter-actuator/3.1.3/spring-boot-starter-actuator-3.1.3.jar:/Users/rishabh.amga/.m2/repository/org/springframework/boot/spring-boot-actuator-autoconfigure/3.1.3/spring-boot-actuator-autoconfigure-3.1.3.jar:/Users/rishabh.amga/.m2/repository/org/springframework/boot/spring-boot-actuator/3.1.3/spring-boot-actuator-3.1.3.jar:/Users/rishabh.amga/.m2/repository/io/micrometer/micrometer-observation/1.11.3/micrometer-observation-1.11.3.jar:/Users/rishabh.amga/.m2/repository/io/micrometer/micrometer-commons/1.11.3/micrometer-commons-1.11.3.jar:/Users/rishabh.amga/.m2/repository/io/micrometer/micrometer-core/1.11.3/micrometer-core-1.11.3.jar:/Users/rishabh.amga/.m2/repository/org/hdrhistogram/HdrHistogram/2.1.12/HdrHistogram-2.1.12.jar:/Users/rishabh.amga/.m2/repository/org/latencyutils/LatencyUtils/2.0.3/LatencyUtils-2.0.3.jar:/Users/rishabh.amga/.m2/repository/org/json/json/20240303/json-20240303.jar:/Users/rishabh.amga/.m2/repository/joda-time/joda-time/2.12.7/joda-time-2.12.7.jar:/Users/rishabh.amga/.m2/repository/com/observeai/platform/config/config-client/3.0.0.5/config-client-3.0.0.5.jar:/Users/rishabh.amga/.m2/repository/org/springframework/cloud/spring-cloud-starter-config/4.0.4/spring-cloud-starter-config-4.0.4.jar:/Users/rishabh.amga/.m2/repository/org/springframework/cloud/spring-cloud-config-client/4.0.4/spring-cloud-config-client-4.0.4.jar:/Users/rishabh.amga/.m2/repository/org/springframework/kafka/spring-kafka/3.1.1/spring-kafka-3.1.1.jar:/Users/rishabh.amga/.m2/repository/org/springframework/spring-context/6.0.11/spring-context-6.0.11.jar:/Users/rishabh.amga/.m2/repository/org/springframework/spring-tx/6.0.11/spring-tx-6.0.11.jar:/Users/rishabh.amga/.m2/repository/org/springframework/retry/spring-retry/2.0.2/spring-retry-2.0.2.jar:/Users/rishabh.amga/.m2/repository/org/apache/kafka/kafka-clients/3.4.1/kafka-clients-3.4.1.jar:/Users/rishabh.amga/.m2/repository/com/github/luben/zstd-jni/1.5.2-1/zstd-jni-1.5.2-1.jar:/Users/rishabh.amga/.m2/repository/org/lz4/lz4-java/1.8.0/lz4-java-1.8.0.jar:/Users/rishabh.amga/.m2/repository/org/xerial/snappy/snappy-java/1.1.8.4/snappy-java-1.1.8.4.jar:/Users/rishabh.amga/.m2/repository/com/google/code/findbugs/jsr305/3.0.2/jsr305-3.0.2.jar:/Users/rishabh.amga/.m2/repository/io/confluent/kafka-protobuf-serializer/7.7.0/kafka-protobuf-serializer-7.7.0.jar:/Users/rishabh.amga/.m2/repository/io/confluent/kafka-protobuf-provider/7.7.0/kafka-protobuf-provider-7.7.0.jar:/Users/rishabh.amga/.m2/repository/com/squareup/wire/wire-schema-jvm/4.9.7/wire-schema-jvm-4.9.7.jar:/Users/rishabh.amga/.m2/repository/com/squareup/javapoet/1.13.0/javapoet-1.13.0.jar:/Users/rishabh.amga/.m2/repository/com/squareup/kotlinpoet-jvm/1.16.0/kotlinpoet-jvm-1.16.0.jar:/Users/rishabh.amga/.m2/repository/org/jetbrains/kotlin/kotlin-reflect/1.8.22/kotlin-reflect-1.8.22.jar:/Users/rishabh.amga/.m2/repository/org/jetbrains/kotlin/kotlin-stdlib-jdk8/1.8.22/kotlin-stdlib-jdk8-1.8.22.jar:/Users/rishabh.amga/.m2/repository/org/jetbrains/kotlin/kotlin-stdlib-jdk7/1.8.22/kotlin-stdlib-jdk7-1.8.22.jar:/Users/rishabh.amga/.m2/repository/org/jetbrains/kotlin/kotlin-stdlib-common/1.8.22/kotlin-stdlib-common-1.8.22.jar:/Users/rishabh.amga/.m2/repository/com/squareup/wire/wire-runtime-jvm/4.9.7/wire-runtime-jvm-4.9.7.jar:/Users/rishabh.amga/.m2/repository/com/squareup/okio/okio-jvm/3.4.0/okio-jvm-3.4.0.jar:/Users/rishabh.amga/.m2/repository/org/jetbrains/kotlin/kotlin-stdlib/1.8.22/kotlin-stdlib-1.8.22.jar:/Users/rishabh.amga/.m2/repository/org/jetbrains/annotations/13.0/annotations-13.0.jar:/Users/rishabh.amga/.m2/repository/com/google/protobuf/protobuf-java/3.24.4/protobuf-java-3.24.4.jar:/Users/rishabh.amga/.m2/repository/com/google/api/grpc/proto-google-common-protos/2.22.1/proto-google-common-protos-2.22.1.jar:/Users/rishabh.amga/.m2/repository/io/confluent/kafka-protobuf-types/7.7.0/kafka-protobuf-types-7.7.0.jar:/Users/rishabh.amga/.m2/repository/com/google/protobuf/protobuf-java-util/3.24.4/protobuf-java-util-3.24.4.jar:/Users/rishabh.amga/.m2/repository/com/google/code/gson/gson/2.10.1/gson-2.10.1.jar:/Users/rishabh.amga/.m2/repository/com/google/errorprone/error_prone_annotations/2.18.0/error_prone_annotations-2.18.0.jar:/Users/rishabh.amga/.m2/repository/com/google/guava/guava/32.0.1-jre/guava-32.0.1-jre.jar:/Users/rishabh.amga/.m2/repository/com/google/guava/failureaccess/1.0.1/failureaccess-1.0.1.jar:/Users/rishabh.amga/.m2/repository/com/google/guava/listenablefuture/9999.0-empty-to-avoid-conflict-with-guava/listenablefuture-9999.0-empty-to-avoid-conflict-with-guava.jar:/Users/rishabh.amga/.m2/repository/org/checkerframework/checker-qual/3.33.0/checker-qual-3.33.0.jar:/Users/rishabh.amga/.m2/repository/com/google/j2objc/j2objc-annotations/2.8/j2objc-annotations-2.8.jar:/Users/rishabh.amga/.m2/repository/io/confluent/kafka-schema-serializer/7.7.0/kafka-schema-serializer-7.7.0.jar:/Users/rishabh.amga/.m2/repository/com/fasterxml/jackson/dataformat/jackson-dataformat-csv/2.15.2/jackson-dataformat-csv-2.15.2.jar:/Users/rishabh.amga/.m2/repository/io/confluent/kafka-schema-registry-client/7.7.0/kafka-schema-registry-client-7.7.0.jar:/Users/rishabh.amga/.m2/repository/org/apache/avro/avro/1.11.3/avro-1.11.3.jar:/Users/rishabh.amga/.m2/repository/org/apache/commons/commons-compress/1.26.1/commons-compress-1.26.1.jar:/Users/rishabh.amga/.m2/repository/commons-codec/commons-codec/1.15/commons-codec-1.15.jar:/Users/rishabh.amga/.m2/repository/io/swagger/core/v3/swagger-annotations/2.1.10/swagger-annotations-2.1.10.jar:/Users/rishabh.amga/.m2/repository/io/confluent/common-utils/7.7.0/common-utils-7.7.0.jar:/Users/rishabh.amga/.m2/repository/com/newrelic/agent/java/newrelic-api/8.0.1/newrelic-api-8.0.1.jar:/Users/rishabh.amga/.m2/repository/net/javacrumbs/shedlock/shedlock-spring/5.11.0/shedlock-spring-5.11.0.jar:/Users/rishabh.amga/.m2/repository/net/javacrumbs/shedlock/shedlock-core/5.11.0/shedlock-core-5.11.0.jar:/Users/rishabh.amga/.m2/repository/net/javacrumbs/shedlock/shedlock-provider-mongo/5.11.0/shedlock-provider-mongo-5.11.0.jar:/Users/rishabh.amga/.m2/repository/org/mongodb/mongodb-driver-sync/4.9.1/mongodb-driver-sync-4.9.1.jar:/Users/rishabh.amga/.m2/repository/org/mongodb/bson/4.9.1/bson-4.9.1.jar:/Users/rishabh.amga/.m2/repository/org/mongodb/mongodb-driver-core/4.9.1/mongodb-driver-core-4.9.1.jar:/Users/rishabh.amga/.m2/repository/org/mongodb/bson-record-codec/4.9.1/bson-record-codec-4.9.1.jar:/Users/rishabh.amga/.m2/repository/org/projectlombok/lombok/1.18.28/lombok-1.18.28.jar:/Users/rishabh.amga/.m2/repository/org/springframework/boot/spring-boot-starter-test/3.1.3/spring-boot-starter-test-3.1.3.jar:/Users/rishabh.amga/.m2/repository/org/springframework/boot/spring-boot-test/3.1.3/spring-boot-test-3.1.3.jar:/Users/rishabh.amga/.m2/repository/org/springframework/boot/spring-boot-test-autoconfigure/3.1.3/spring-boot-test-autoconfigure-3.1.3.jar:/Users/rishabh.amga/.m2/repository/com/jayway/jsonpath/json-path/2.8.0/json-path-2.8.0.jar:/Users/rishabh.amga/.m2/repository/jakarta/xml/bind/jakarta.xml.bind-api/4.0.0/jakarta.xml.bind-api-4.0.0.jar:/Users/rishabh.amga/.m2/repository/jakarta/activation/jakarta.activation-api/2.1.2/jakarta.activation-api-2.1.2.jar:/Users/rishabh.amga/.m2/repository/net/minidev/json-smart/2.4.11/json-smart-2.4.11.jar:/Users/rishabh.amga/.m2/repository/net/minidev/accessors-smart/2.4.11/accessors-smart-2.4.11.jar:/Users/rishabh.amga/.m2/repository/org/ow2/asm/asm/9.3/asm-9.3.jar:/Users/rishabh.amga/.m2/repository/org/assertj/assertj-core/3.24.2/assertj-core-3.24.2.jar:/Users/rishabh.amga/.m2/repository/net/bytebuddy/byte-buddy/1.14.6/byte-buddy-1.14.6.jar:/Users/rishabh.amga/.m2/repository/org/hamcrest/hamcrest/2.2/hamcrest-2.2.jar:/Users/rishabh.amga/.m2/repository/org/junit/jupiter/junit-jupiter/5.9.3/junit-jupiter-5.9.3.jar:/Users/rishabh.amga/.m2/repository/org/junit/jupiter/junit-jupiter-api/5.9.3/junit-jupiter-api-5.9.3.jar:/Users/rishabh.amga/.m2/repository/org/opentest4j/opentest4j/1.2.0/opentest4j-1.2.0.jar:/Users/rishabh.amga/.m2/repository/org/junit/platform/junit-platform-commons/1.9.3/junit-platform-commons-1.9.3.jar:/Users/rishabh.amga/.m2/repository/org/apiguardian/apiguardian-api/1.1.2/apiguardian-api-1.1.2.jar:/Users/rishabh.amga/.m2/repository/org/junit/jupiter/junit-jupiter-params/5.9.3/junit-jupiter-params-5.9.3.jar:/Users/rishabh.amga/.m2/repository/org/junit/jupiter/junit-jupiter-engine/5.9.3/junit-jupiter-engine-5.9.3.jar:/Users/rishabh.amga/.m2/repository/org/junit/platform/junit-platform-engine/1.9.3/junit-platform-engine-1.9.3.jar:/Users/rishabh.amga/.m2/repository/org/mockito/mockito-core/5.3.1/mockito-core-5.3.1.jar:/Users/rishabh.amga/.m2/repository/net/bytebuddy/byte-buddy-agent/1.14.6/byte-buddy-agent-1.14.6.jar:/Users/rishabh.amga/.m2/repository/org/objenesis/objenesis/3.3/objenesis-3.3.jar:/Users/rishabh.amga/.m2/repository/org/mockito/mockito-junit-jupiter/5.3.1/mockito-junit-jupiter-5.3.1.jar:/Users/rishabh.amga/.m2/repository/org/skyscreamer/jsonassert/1.5.1/jsonassert-1.5.1.jar:/Users/rishabh.amga/.m2/repository/org/springframework/spring-core/6.0.11/spring-core-6.0.11.jar:/Users/rishabh.amga/.m2/repository/org/springframework/spring-jcl/6.0.11/spring-jcl-6.0.11.jar:/Users/rishabh.amga/.m2/repository/org/springframework/spring-test/6.0.11/spring-test-6.0.11.jar:/Users/rishabh.amga/.m2/repository/org/xmlunit/xmlunit-core/2.9.1/xmlunit-core-2.9.1.jar:/Users/rishabh.amga/.m2/repository/com/github/ulisesbocchio/jasypt-spring-boot-starter/3.0.5/jasypt-spring-boot-starter-3.0.5.jar:/Users/rishabh.amga/.m2/repository/com/github/ulisesbocchio/jasypt-spring-boot/3.0.5/jasypt-spring-boot-3.0.5.jar:/Users/rishabh.amga/.m2/repository/org/jasypt/jasypt/1.9.3/jasypt-1.9.3.jar:/Users/rishabh.amga/.m2/repository/junit/junit/4.13.2/junit-4.13.2.jar:/Users/rishabh.amga/.m2/repository/org/hamcrest/hamcrest-core/2.2/hamcrest-core-2.2.jar:/Users/rishabh.amga/.m2/repository/org/modelmapper/modelmapper/3.2.0/modelmapper-3.2.0.jar:/Users/rishabh.amga/.m2/repository/com/observeai/platform/auth/authz-client/3.0.0.4/authz-client-3.0.0.4.jar:/Users/rishabh.amga/.m2/repository/org/springframework/boot/spring-boot-starter-aop/3.1.3/spring-boot-starter-aop-3.1.3.jar:/Users/rishabh.amga/.m2/repository/org/apache/commons/commons-lang3/3.12.0/commons-lang3-3.12.0.jar:/Users/rishabh.amga/.m2/repository/org/apache/commons/commons-collections4/4.4/commons-collections4-4.4.jar:/Users/rishabh.amga/.m2/repository/com/observeai/platform/realtime/threadpool-utils/3.0.0.10/threadpool-utils-3.0.0.10.jar:/Users/rishabh.amga/.m2/repository/com/observeai/platform/integration/services/chitragupta-client/3.0.0.138/chitragupta-client-3.0.0.138.jar:/Users/rishabh.amga/.m2/repository/com/observeai/platform/integration/commons/obs-common/3.0.0.90/obs-common-3.0.0.90.jar:/Users/rishabh.amga/.m2/repository/software/amazon/awssdk/sns/2.20.138/sns-2.20.138.jar:/Users/rishabh.amga/.m2/repository/software/amazon/awssdk/aws-query-protocol/2.20.138/aws-query-protocol-2.20.138.jar:/Users/rishabh.amga/.m2/repository/software/amazon/awssdk/protocol-core/2.20.138/protocol-core-2.20.138.jar:/Users/rishabh.amga/.m2/repository/software/amazon/awssdk/sdk-core/2.20.138/sdk-core-2.20.138.jar:/Users/rishabh.amga/.m2/repository/software/amazon/awssdk/profiles/2.20.138/profiles-2.20.138.jar:/Users/rishabh.amga/.m2/repository/software/amazon/awssdk/auth/2.20.138/auth-2.20.138.jar:/Users/rishabh.amga/.m2/repository/software/amazon/eventstream/eventstream/1.0.1/eventstream-1.0.1.jar:/Users/rishabh.amga/.m2/repository/software/amazon/awssdk/http-client-spi/2.20.138/http-client-spi-2.20.138.jar:/Users/rishabh.amga/.m2/repository/software/amazon/awssdk/regions/2.20.138/regions-2.20.138.jar:/Users/rishabh.amga/.m2/repository/software/amazon/awssdk/annotations/2.20.138/annotations-2.20.138.jar:/Users/rishabh.amga/.m2/repository/software/amazon/awssdk/utils/2.20.138/utils-2.20.138.jar:/Users/rishabh.amga/.m2/repository/software/amazon/awssdk/aws-core/2.20.138/aws-core-2.20.138.jar:/Users/rishabh.amga/.m2/repository/software/amazon/awssdk/metrics-spi/2.20.138/metrics-spi-2.20.138.jar:/Users/rishabh.amga/.m2/repository/software/amazon/awssdk/json-utils/2.20.138/json-utils-2.20.138.jar:/Users/rishabh.amga/.m2/repository/software/amazon/awssdk/third-party-jackson-core/2.20.138/third-party-jackson-core-2.20.138.jar:/Users/rishabh.amga/.m2/repository/software/amazon/awssdk/endpoints-spi/2.20.138/endpoints-spi-2.20.138.jar:/Users/rishabh.amga/.m2/repository/software/amazon/awssdk/apache-client/2.20.138/apache-client-2.20.138.jar:/Users/rishabh.amga/.m2/repository/org/apache/httpcomponents/httpclient/4.5.13/httpclient-4.5.13.jar:/Users/rishabh.amga/.m2/repository/org/apache/httpcomponents/httpcore/4.4.16/httpcore-4.4.16.jar:/Users/rishabh.amga/.m2/repository/software/amazon/awssdk/netty-nio-client/2.20.138/netty-nio-client-2.20.138.jar:/Users/rishabh.amga/.m2/repository/io/netty/netty-codec-http/4.1.97.Final/netty-codec-http-4.1.97.Final.jar:/Users/rishabh.amga/.m2/repository/io/netty/netty-codec-http2/4.1.97.Final/netty-codec-http2-4.1.97.Final.jar:/Users/rishabh.amga/.m2/repository/io/netty/netty-transport-classes-epoll/4.1.97.Final/netty-transport-classes-epoll-4.1.97.Final.jar:/Users/rishabh.amga/.m2/repository/commons-io/commons-io/2.13.0/commons-io-2.13.0.jar:/Users/rishabh.amga/.m2/repository/jakarta/jms/jakarta.jms-api/3.1.0/jakarta.jms-api-3.1.0.jar:/Users/rishabh.amga/.m2/repository/com/amazonaws/aws-java-sdk-s3/1.12.540/aws-java-sdk-s3-1.12.540.jar:/Users/rishabh.amga/.m2/repository/com/amazonaws/aws-java-sdk-kms/1.12.540/aws-java-sdk-kms-1.12.540.jar:/Users/rishabh.amga/.m2/repository/com/amazonaws/aws-java-sdk-core/1.12.540/aws-java-sdk-core-1.12.540.jar:/Users/rishabh.amga/.m2/repository/software/amazon/ion/ion-java/1.0.2/ion-java-1.0.2.jar:/Users/rishabh.amga/.m2/repository/com/fasterxml/jackson/dataformat/jackson-dataformat-cbor/2.15.2/jackson-dataformat-cbor-2.15.2.jar:/Users/rishabh.amga/.m2/repository/com/amazonaws/jmespath-java/1.12.540/jmespath-java-1.12.540.jar:/Users/rishabh.amga/.m2/repository/com/nimbusds/nimbus-jose-jwt/9.31/nimbus-jose-jwt-9.31.jar:/Users/rishabh.amga/.m2/repository/com/github/stephenc/jcip/jcip-annotations/1.0-1/jcip-annotations-1.0-1.jar:/Users/rishabh.amga/.m2/repository/software/amazon/awssdk/sqs/2.20.150/sqs-2.20.150.jar:/Users/rishabh.amga/.m2/repository/org/springframework/spring-jms/6.0.11/spring-jms-6.0.11.jar:/Users/rishabh.amga/.m2/repository/org/springframework/data/spring-data-commons/3.1.3/spring-data-commons-3.1.3.jar:/Users/rishabh.amga/.m2/repository/org/redisson/redisson-spring-data-25/3.16.4/redisson-spring-data-25-3.16.4.jar:/Users/rishabh.amga/.m2/repository/org/redisson/redisson/3.16.4/redisson-3.16.4.jar:/Users/rishabh.amga/.m2/repository/io/netty/netty-resolver-dns/4.1.97.Final/netty-resolver-dns-4.1.97.Final.jar:/Users/rishabh.amga/.m2/repository/io/netty/netty-codec-dns/4.1.97.Final/netty-codec-dns-4.1.97.Final.jar:/Users/rishabh.amga/.m2/repository/io/reactivex/rxjava3/rxjava/3.1.7/rxjava-3.1.7.jar:/Users/rishabh.amga/.m2/repository/org/jboss/marshalling/jboss-marshalling/2.0.11.Final/jboss-marshalling-2.0.11.Final.jar:/Users/rishabh.amga/.m2/repository/org/jboss/marshalling/jboss-marshalling-river/2.0.11.Final/jboss-marshalling-river-2.0.11.Final.jar:/Users/rishabh.amga/.m2/repository/com/fasterxml/jackson/dataformat/jackson-dataformat-yaml/2.15.2/jackson-dataformat-yaml-2.15.2.jar:/Users/rishabh.amga/.m2/repository/org/jodd/jodd-bean/5.1.6/jodd-bean-5.1.6.jar:/Users/rishabh.amga/.m2/repository/org/jodd/jodd-core/5.1.6/jodd-core-5.1.6.jar:/Users/rishabh.amga/.m2/repository/io/temporal/temporal-sdk/1.19.0/temporal-sdk-1.19.0.jar:/Users/rishabh.amga/.m2/repository/io/temporal/temporal-serviceclient/1.19.0/temporal-serviceclient-1.19.0.jar:/Users/rishabh.amga/.m2/repository/io/grpc/grpc-api/1.53.0/grpc-api-1.53.0.jar:/Users/rishabh.amga/.m2/repository/io/grpc/grpc-context/1.53.0/grpc-context-1.53.0.jar:/Users/rishabh.amga/.m2/repository/io/grpc/grpc-stub/1.53.0/grpc-stub-1.53.0.jar:/Users/rishabh.amga/.m2/repository/io/grpc/grpc-netty-shaded/1.53.0/grpc-netty-shaded-1.53.0.jar:/Users/rishabh.amga/.m2/repository/io/perfmark/perfmark-api/0.25.0/perfmark-api-0.25.0.jar:/Users/rishabh.amga/.m2/repository/io/grpc/grpc-core/1.53.0/grpc-core-1.53.0.jar:/Users/rishabh.amga/.m2/repository/com/google/android/annotations/4.1.1.4/annotations-4.1.1.4.jar:/Users/rishabh.amga/.m2/repository/org/codehaus/mojo/animal-sniffer-annotations/1.21/animal-sniffer-annotations-1.21.jar:/Users/rishabh.amga/.m2/repository/io/grpc/grpc-services/1.53.0/grpc-services-1.53.0.jar:/Users/rishabh.amga/.m2/repository/io/grpc/grpc-protobuf/1.53.0/grpc-protobuf-1.53.0.jar:/Users/rishabh.amga/.m2/repository/io/grpc/grpc-protobuf-lite/1.53.0/grpc-protobuf-lite-1.53.0.jar:/Users/rishabh.amga/.m2/repository/com/uber/m3/tally-core/0.13.0/tally-core-0.13.0.jar:/Users/rishabh.amga/.m2/repository/io/temporal/temporal-testing/1.19.0/temporal-testing-1.19.0.jar:/Users/rishabh.amga/.m2/repository/io/temporal/temporal-test-server/1.19.0/temporal-test-server-1.19.0.jar:/Users/rishabh.amga/.m2/repository/com/cronutils/cron-utils/9.2.0/cron-utils-9.2.0.jar:/Users/rishabh.amga/.m2/repository/org/glassfish/jakarta.el/3.0.4/jakarta.el-3.0.4.jar:/Users/rishabh.amga/.m2/repository/io/micrometer/micrometer-registry-prometheus/1.11.3/micrometer-registry-prometheus-1.11.3.jar:/Users/rishabh.amga/.m2/repository/io/prometheus/simpleclient_common/0.16.0/simpleclient_common-0.16.0.jar:/Users/rishabh.amga/.m2/repository/io/prometheus/simpleclient/0.16.0/simpleclient-0.16.0.jar:/Users/rishabh.amga/.m2/repository/io/prometheus/simpleclient_tracer_otel/0.16.0/simpleclient_tracer_otel-0.16.0.jar:/Users/rishabh.amga/.m2/repository/io/prometheus/simpleclient_tracer_common/0.16.0/simpleclient_tracer_common-0.16.0.jar:/Users/rishabh.amga/.m2/repository/io/prometheus/simpleclient_tracer_otel_agent/0.16.0/simpleclient_tracer_otel_agent-0.16.0.jar:/Users/rishabh.amga/.m2/repository/software/amazon/sns/sns-extended-client/2.0.0/sns-extended-client-2.0.0.jar:/Users/rishabh.amga/.m2/repository/software/amazon/payloadoffloading/payloadoffloading-common/2.1.2/payloadoffloading-common-2.1.2.jar:/Users/rishabh.amga/.m2/repository/software/amazon/awssdk/s3/2.14.19/s3-2.14.19.jar:/Users/rishabh.amga/.m2/repository/software/amazon/awssdk/aws-xml-protocol/2.14.19/aws-xml-protocol-2.14.19.jar:/Users/rishabh.amga/.m2/repository/software/amazon/awssdk/arns/2.14.19/arns-2.14.19.jar:/Users/rishabh.amga/.m2/repository/com/amazonaws/amazon-sqs-java-extended-client-lib/2.0.0/amazon-sqs-java-extended-client-lib-2.0.0.jar:/Users/rishabh.amga/.m2/repository/commons-logging/commons-logging/1.2/commons-logging-1.2.jar:/Users/rishabh.amga/.m2/repository/org/ehcache/ehcache/3.10.8/ehcache-3.10.8.jar:/Users/rishabh.amga/.m2/repository/javax/cache/cache-api/1.1.1/cache-api-1.1.1.jar:/Users/rishabh.amga/.m2/repository/org/glassfish/jaxb/jaxb-runtime/4.0.3/jaxb-runtime-4.0.3.jar:/Users/rishabh.amga/.m2/repository/org/glassfish/jaxb/jaxb-core/4.0.3/jaxb-core-4.0.3.jar:/Users/rishabh.amga/.m2/repository/org/eclipse/angus/angus-activation/2.0.1/angus-activation-2.0.1.jar:/Users/rishabh.amga/.m2/repository/org/glassfish/jaxb/txw2/4.0.3/txw2-4.0.3.jar:/Users/rishabh.amga/.m2/repository/com/sun/istack/istack-commons-runtime/4.1.2/istack-commons-runtime-4.1.2.jar:/Users/rishabh.amga/.m2/repository/com/fasterxml/jackson/core/jackson-annotations/2.15.2/jackson-annotations-2.15.2.jar:/Users/rishabh.amga/.m2/repository/jakarta/validation/jakarta.validation-api/3.0.2/jakarta.validation-api-3.0.2.jar:/Users/rishabh.amga/.m2/repository/org/springframework/boot/spring-boot-starter-data-mongodb/3.1.3/spring-boot-starter-data-mongodb-3.1.3.jar:/Users/rishabh.amga/.m2/repository/org/springframework/data/spring-data-mongodb/4.1.3/spring-data-mongodb-4.1.3.jar:"/>
    <property name="sun.cpu.endian" value="little"/>
    <property name="user.home" value="/Users/rishabh.amga"/>
    <property name="user.language" value="en"/>
    <property name="java.specification.vendor" value="Oracle Corporation"/>
    <property name="java.version.date" value="2024-04-16"/>
    <property name="java.home" value="/Library/Java/JavaVirtualMachines/jdk-17.jdk/Contents/Home"/>
    <property name="file.separator" value="/"/>
    <property name="basedir" value="/Users/rishabh.amga/Repository/neutrino"/>
    <property name="java.vm.compressedOopsMode" value="Zero based"/>
    <property name="line.separator" value="&#10;"/>
    <property name="java.vm.specification.vendor" value="Oracle Corporation"/>
    <property name="java.specification.name" value="Java Platform API Specification"/>
    <property name="sun.management.compiler" value="HotSpot 64-Bit Tiered Compilers"/>
    <property name="java.runtime.version" value="17.0.11+7-LTS-207"/>
    <property name="user.name" value="rishabh.amga"/>
    <property name="path.separator" value=":"/>
    <property name="os.version" value="14.6"/>
    <property name="java.runtime.name" value="Java(TM) SE Runtime Environment"/>
    <property name="file.encoding" value="UTF-8"/>
    <property name="java.vm.name" value="Java HotSpot(TM) 64-Bit Server VM"/>
    <property name="localRepository" value="/Users/rishabh.amga/.m2/repository"/>
    <property name="java.vendor.url.bug" value="https://bugreport.java.com/bugreport/"/>
    <property name="java.io.tmpdir" value="/var/folders/k8/w84207ms5rzf736yw_z2291c0000gp/T/"/>
    <property name="java.version" value="17.0.11"/>
    <property name="user.dir" value="/Users/rishabh.amga/Repository/neutrino"/>
    <property name="os.arch" value="aarch64"/>
    <property name="java.vm.specification.name" value="Java Virtual Machine Specification"/>
    <property name="native.encoding" value="UTF-8"/>
    <property name="java.library.path" value="/Users/rishabh.amga/Library/Java/Extensions:/Library/Java/Extensions:/Network/Library/Java/Extensions:/System/Library/Java/Extensions:/usr/lib/java:."/>
    <property name="java.vm.info" value="mixed mode, sharing"/>
    <property name="java.vendor" value="Oracle Corporation"/>
    <property name="java.vm.version" value="17.0.11+7-LTS-207"/>
    <property name="sun.io.unicode.encoding" value="UnicodeBig"/>
    <property name="java.class.version" value="61.0"/>
  </properties>
  <testcase name="createDirective_5xxResponse_ShouldThrowException" classname="com.observeai.platform.realtime.neutrino.client.five9.DirectiveClientTest" time="0.061"/>
  <testcase name="attachDirective_5xxResponse_ShouldThrowException" classname="com.observeai.platform.realtime.neutrino.client.five9.DirectiveClientTest" time="0.006"/>
  <testcase name="attachDirective_ValidResponse_ShouldAttachDirective" classname="com.observeai.platform.realtime.neutrino.client.five9.DirectiveClientTest" time="0.004"/>
  <testcase name="createDirective_4xxResponse_ShouldThrowException" classname="com.observeai.platform.realtime.neutrino.client.five9.DirectiveClientTest" time="0.005"/>
  <testcase name="createDirective_ValidResponse_ShouldCreateDirective" classname="com.observeai.platform.realtime.neutrino.client.five9.DirectiveClientTest" time="0.005"/>
  <testcase name="attachDirective_4xxResponse_ShouldThrowException" classname="com.observeai.platform.realtime.neutrino.client.five9.DirectiveClientTest" time="0.005"/>
</testsuite>